13:05:23: Creating resource group General
13:05:23: Creating resource group Internal
13:05:23: Creating resource group Autodetect
13:05:23: SceneManagerFactory for type 'DefaultSceneManager' registered.
13:05:23: Registering ResourceManager for type Material
13:05:23: Registering ResourceManager for type Mesh
13:05:23: Registering ResourceManager for type Skeleton
13:05:23: MovableObjectFactory for type 'ParticleSystem' registered.
13:05:23: OverlayElementFactory for type Panel registered.
13:05:23: OverlayElementFactory for type BorderPanel registered.
13:05:23: OverlayElementFactory for type TextArea registered.
13:05:23: Registering ResourceManager for type Font
13:05:23: ArchiveFactory for archive type FileSystem registered.
13:05:23: ArchiveFactory for archive type Zip registered.
13:05:23: DDS codec registering
13:05:23: FreeImage version: 3.13.1
13:05:23: This program uses FreeImage, a free, open source image library supporting all common bitmap formats. See http://freeimage.sourceforge.net for details
13:05:23: Supported formats: bmp,ico,jpg,jif,jpeg,jpe,jng,koa,iff,lbm,mng,pbm,pbm,pcd,pcx,pgm,pgm,png,ppm,ppm,ras,tga,targa,tif,tiff,wap,wbmp,wbm,psd,cut,xbm,xpm,gif,hdr,g3,sgi,exr,j2k,j2c,jp2,pfm,pct,pict,pic,bay,bmq,cr2,crw,cs1,dc2,dcr,dng,erf,fff,hdr,k25,kdc,mdc,mos,mrw,nef,orf,pef,pxn,raf,raw,rdc,sr2,srf,arw,3fr,cine,ia,kc2,mef,nrw,qtk,rw2,sti,drf,dsc,ptx,cap,iiq,rwz
13:05:23: Registering ResourceManager for type HighLevelGpuProgram
13:05:23: Registering ResourceManager for type Compositor
13:05:23: MovableObjectFactory for type 'Entity' registered.
13:05:23: MovableObjectFactory for type 'Light' registered.
13:05:23: MovableObjectFactory for type 'BillboardSet' registered.
13:05:23: MovableObjectFactory for type 'ManualObject' registered.
13:05:23: MovableObjectFactory for type 'BillboardChain' registered.
13:05:23: MovableObjectFactory for type 'RibbonTrail' registered.
13:05:23: Loading library .\assets/plugins/RenderSystem_GL.dll
13:05:23: Installing plugin: GL RenderSystem
13:05:23: OpenGL Rendering Subsystem created.
13:05:24: Plugin successfully installed
13:05:24: Loading library .\assets/plugins/RenderSystem_Direct3D9.dll
13:05:24: Installing plugin: D3D9 RenderSystem
13:05:24: D3D9 : Direct3D9 Rendering Subsystem created.
13:05:24: D3D9: Driver Detection Starts
13:05:24: D3D9: Driver Detection Ends
13:05:25: Plugin successfully installed
13:05:25: *-*-* OGRE Initialising
13:05:25: *-*-* Version 1.7.2 (Cthugha)
13:05:25: Added resource location 'assets' of type 'FileSystem' to resource group 'General'
13:05:25: Added resource location 'assets/materials/scripts' of type 'FileSystem' to resource group 'General'
13:05:25: Added resource location 'assets/materials/textures' of type 'FileSystem' to resource group 'General'
13:05:25: Added resource location 'assets/models' of type 'FileSystem' to resource group 'General'
13:05:25: OGRE EXCEPTION(6:FileNotFoundException): 'ogre.cfg' file not found! in ConfigFile::load at .\src\OgreConfigFile.cpp (line 83)
13:05:28: OGRE EXCEPTION(1:InvalidStateException): Cannot initialise - no render system has been selected. in Root::initialise at .\src\OgreRoot.cpp (line 627)
13:05:28: *-*-* OGRE Shutdown
13:05:28: Unregistering ResourceManager for type Compositor
13:05:28: Unregistering ResourceManager for type Font
13:05:28: Unregistering ResourceManager for type Skeleton
13:05:28: Unregistering ResourceManager for type Mesh
13:05:29: Unregistering ResourceManager for type HighLevelGpuProgram
13:05:29: Uninstalling plugin: D3D9 RenderSystem
13:05:29: D3D9 : Shutting down cleanly.
13:05:29: D3D9 : Direct3D9 Rendering Subsystem destroyed.
13:05:29: Plugin successfully uninstalled
13:05:29: Unloading library .\assets/plugins/RenderSystem_Direct3D9.dll
13:05:29: Uninstalling plugin: GL RenderSystem
13:05:29: *** Stopping Win32GL Subsystem ***
13:05:29: Plugin successfully uninstalled
13:05:29: Unloading library .\assets/plugins/RenderSystem_GL.dll
13:05:29: Unregistering ResourceManager for type Material
